<?xml version="1.0" encoding="UTF-8"?>
<!-- Generated by org.testng.reporters.JUnitReportReporter -->
<testsuite hostname="Aamir" failures="0" tests="1" name="com.selenium.MCX.test.LoginTest" time="129.211" errors="0" timestamp="27 Apr 2020 16:16:20 GMT" skipped="0">
  <testcase classname="com.selenium.MCX.test.LoginTest" name="test" time="129.211"/>
</testsuite> <!-- com.selenium.MCX.test.LoginTest -->
